<?xml version="1.0" encoding="UTF-8"?>
<testsuites name="GitPracticeWithOtherAccount" time="7.603" tests="1" failures="0" errors="0">
   <testsuite name="GitPracticeWithOtherAccount" tests="1" failures="0" errors="0" time="7.603" skipped="0" timestamp="29-09-2024T13:00:22" hostname="GR644HV - XW5CG3415Q46.ey.net" id="Test Suites/GitPracticeWithOtherAccount">
      <properties>
         <property name="deviceName" value=""/>
         <property name="devicePlatform"/>
         <property name="logFolder" value="C:\\Users\\GR644HV\\git\\repoForOtherAccount\\Reports\\20240929_130016\\GitPracticeWithOtherAccount\\20240929_130016"/>
         <property name="logFiles" value="C:\\Users\\GR644HV\\git\\repoForOtherAccount\\Reports\\20240929_130016\\GitPracticeWithOtherAccount\\20240929_130016\\execution0.log"/>
         <property name="attachments" value=""/>
         <property name="hostName" value="GR644HV - XW5CG3415Q46.ey.net"/>
         <property name="os" value="Windows 10 64bit"/>
         <property name="katalonVersion" value="9.7.2.223"/>
         <property name="browser" value="Edge Chromium 129"/>
         <property name="hostAddress" value="192.168.1.4"/>
         <property name="sessionId" value="e7ea5e344cf9e4df63104a1c5c3ff48a"/>
         <property name="seleniumVersion" value="3.141.59"/>
         <property name="proxyInformation" value="ProxyInformation { proxyOption=NO_PROXY, proxyServerType=HTTP, username=, password=********, proxyServerAddress=, proxyServerPort=0, executionList=&quot;&quot;, isApplyToDesiredCapabilities=true }"/>
         <property name="platform" value="Windows 10"/>
      </properties>
      <testcase name="Test Cases/GitPracticeWithOtherAccount" time="7.336" classname="Test Cases/GitPracticeWithOtherAccount" status="PASSED">
         <system-out><![CDATA[29-09-2024T13:00:22 - [TEST_CASE][PASSED] - Test Cases/GitPracticeWithOtherAccount: Test Cases/GitPracticeWithOtherAccount

29-09-2024T13:00:22 - [TEST_STEP][PASSED] - openBrowser(""): Browser is opened with url: ''

29-09-2024T13:00:23 - [MESSAGE][INFO] - Starting 'Edge Chromium' driver

29-09-2024T13:00:25 - [MESSAGE][INFO] - Action delay is set to 0 milliseconds

29-09-2024T13:00:27 - [MESSAGE][PASSED] - Browser is opened with url: ''

29-09-2024T13:00:27 - [TEST_STEP][PASSED] - navigateToUrl("https://petstore.octoperf.com/"): Navigate to 'https://petstore.octoperf.com/' successfully

29-09-2024T13:00:28 - [MESSAGE][PASSED] - Navigate to 'https://petstore.octoperf.com/' successfully

29-09-2024T13:00:28 - [TEST_STEP][PASSED] - verifyElementText(findTestObject("Object Repository/GitPracticeWithOtherAccount/Page_JPetStore Demo/a_Enter the Store"), "Enter the Store"): Actual text and expected text of test object 'Object Repository/GitPracticeWithOtherAccount/Page_JPetStore Demo/a_Enter the Store' are matched.

29-09-2024T13:00:29 - [MESSAGE][PASSED] - Actual text and expected text of test object 'Object Repository/GitPracticeWithOtherAccount/Page_JPetStore Demo/a_Enter the Store' are matched.

29-09-2024T13:00:29 - [TEST_STEP][PASSED] - closeBrowser(): Browser is closed

29-09-2024T13:00:29 - [MESSAGE][PASSED] - Browser is closed]]></system-out>
         <system-err><![CDATA[]]></system-err>
      </testcase>
      <system-out><![CDATA[29-09-2024T13:00:22 - [TEST_SUITE][PASSED] - GitPracticeWithOtherAccount: Test Cases/GitPracticeWithOtherAccount]]></system-out>
      <system-err><![CDATA[]]></system-err>
   </testsuite>
</testsuites>
